<?xml version="1.0" encoding="UTF-8"?>
<!-- Generated by org.testng.reporters.JUnitXMLReporter -->
<testsuite ignored="0" hostname="EDDY" failures="0" tests="6" name="Default test" time="15.794" errors="0" timestamp="2022-12-07T21:31:10 CST">
  <testcase classname="tests.BookingTestEndToEndTest" name="userShouldBeAbleToCreateToken" time="12.171"/>
  <testcase classname="tests.BookingTestEndToEndTest" name="userShouldBeAbleToCreateBooking" time="0.79"/>
  <testcase classname="tests.BookingTestEndToEndTest" name="userShouldBeAbleTogetBooking" time="0.646"/>
  <testcase classname="tests.BookingTestEndToEndTest" name="userShouldBeAbleToUpdateBooking" time="0.78"/>
  <testcase classname="tests.BookingTestEndToEndTest" name="userShoudBeAbleToUpdatePartialBooking" time="0.427"/>
  <testcase classname="tests.BookingTestEndToEndTest" name="userShouldBeAbleToDeleteBooking" time="0.332"/>
</testsuite> <!-- Default test -->
