<?xml version="1.0" encoding="UTF-8"?>
<!-- Generated by org.testng.reporters.JUnitXMLReporter -->
<testsuite ignored="0" hostname="EDDY" failures="0" tests="6" name="API Testing" time="15.877" errors="0" timestamp="2022-12-06T21:22:29 CST">
  <testcase classname="tests.BookingTestEndToEndTest" name="userShouldBeAbleToCreateToken" time="8.447"/>
  <testcase classname="tests.BookingTestEndToEndTest" name="userShouldBeAbleToCreateBooking" time="0.737"/>
  <testcase classname="tests.BookingTestEndToEndTest" name="userShouldBeAbleTogetBooking" time="0.679"/>
  <testcase classname="tests.BookingTestEndToEndTest" name="userShouldBeAbleToUpdateBooking" time="0.722"/>
  <testcase classname="tests.BookingTestEndToEndTest" name="userShoudBeAbleToUpdatePartialBooking" time="0.394"/>
  <testcase classname="tests.BookingTestEndToEndTest" name="userShouldBeAbleToDeleteBooking" time="0.321"/>
</testsuite> <!-- API Testing -->
