<?xml version="1.0" encoding="UTF-8"?>
<!-- Generated by org.testng.reporters.JUnitXMLReporter -->
<testsuite hostname="EDDY" ignored="0" name="API Testing" tests="6" failures="0" timestamp="2022-12-07T21:33:08 CST" time="14.374" errors="0">
  <testcase name="userShouldBeAbleToCreateToken" time="10.9" classname="tests.BookingTestEndToEndTest"/>
  <testcase name="userShouldBeAbleToCreateBooking" time="0.782" classname="tests.BookingTestEndToEndTest"/>
  <testcase name="userShouldBeAbleTogetBooking" time="0.673" classname="tests.BookingTestEndToEndTest"/>
  <testcase name="userShouldBeAbleToUpdateBooking" time="0.728" classname="tests.BookingTestEndToEndTest"/>
  <testcase name="userShoudBeAbleToUpdatePartialBooking" time="0.531" classname="tests.BookingTestEndToEndTest"/>
  <testcase name="userShouldBeAbleToDeleteBooking" time="0.329" classname="tests.BookingTestEndToEndTest"/>
</testsuite> <!-- API Testing -->
