<?xml version="1.0" encoding="UTF-8"?>
<testng-results skipped="0" failed="0" ignored="0" total="0" passed="0">
  <reporter-output>
  </reporter-output>
  <suite name="Surefire suite" duration-ms="2945" started-at="2022-02-25T11:14:48 CST" finished-at="2022-02-25T11:14:51 CST">
    <groups>
    </groups>
    <test name="Surefire test" duration-ms="2945" started-at="2022-02-25T11:14:48 CST" finished-at="2022-02-25T11:14:51 CST">
    </test> <!-- Surefire test -->
  </suite> <!-- Surefire suite -->
</testng-results>
