<?xml version="1.0" encoding="UTF-8"?>
<testsuite xmlns:xsi="http://www.w3.org/2001/XMLSchema-instance" xsi:noNamespaceSchemaLocation="https://maven.apache.org/surefire/maven-surefire-plugin/xsd/surefire-test-report-3.0.xsd" version="3.0" name="TestSuite" time="20.394" tests="6" errors="0" skipped="0" failures="0">
  <properties>
[...]
</properties>
  <testcase name="userShouldBeAbleToCreateToken" classname="tests.BookingTestEndToEndTest" time="11.06">
    <system-out><![CDATA[STARTING TEST: userShouldBeAbleToCreateToken
null
userShouldBeAbleToCreateToken
Request method:	POST
Request URI:	https://restful-booker.herokuapp.com/auth
Proxy:			<none>
Request params:	<none>
Query params:	<none>
Form params:	<none>
Path params:	<none>
Headers:		Accept=*/*
				Content-Type=application/json
Cookies:		<none>
Multiparts:		<none>
Body:
{
    "password": "password123",
    "username": "admin"
}
HTTP/1.1 200 OK
Server: Cowboy
Connection: keep-alive
X-Powered-By: Express
Content-Type: application/json; charset=utf-8
Content-Length: 27
Etag: W/"1b-q1IQkv7YuSC+n7Jd2mEk45woM4s"
Date: Thu, 08 Dec 2022 03:33:01 GMT
Via: 1.1 vegur

{
    "token": "3aaf8a74b0e4003"
}
The TokenID is :3aaf8a74b0e4003
]]></system-out>
    <system-err><![CDATA[SLF4J: Failed to load class "org.slf4j.impl.StaticLoggerBinder".
SLF4J: Defaulting to no-operation (NOP) logger implementation
SLF4J: See http://www.slf4j.org/codes.html#StaticLoggerBinder for further details.
]]></system-err>
  </testcase>
  <testcase name="userShouldBeAbleToCreateBooking" classname="tests.BookingTestEndToEndTest" time="1.015">
    <system-out><![CDATA[STARTING TEST: userShouldBeAbleToCreateBooking
null
userShouldBeAbleToCreateBooking
Request method:	POST
Request URI:	https://restful-booker.herokuapp.com/booking
Proxy:			<none>
Request params:	<none>
Query params:	<none>
Form params:	<none>
Path params:	<none>
Headers:		Accept=*/*
				Content-Type=application/json
Cookies:		<none>
Multiparts:		<none>
Body:
{
    "firstname": "Steve",
    "lastname": "McGraw",
    "totalprice": 150,
    "depositpaid": true,
    "bookingdates": {
        "checkin": "2022-01-31",
        "checkout": "2022-01-31"
    },
    "additionalneeds": "Breakfast, Lunch and Diner"
}
HTTP/1.1 200 OK
Server: Cowboy
Connection: keep-alive
X-Powered-By: Express
Content-Type: application/json; charset=utf-8
Content-Length: 218
Etag: W/"da-FTFIBCVcV5JLuZOf6jMU1j7UPPI"
Date: Thu, 08 Dec 2022 03:33:05 GMT
Via: 1.1 vegur

{
    "bookingid": 83581,
    "booking": {
        "firstname": "Steve",
        "lastname": "McGraw",
        "totalprice": 150,
        "depositpaid": true,
        "bookingdates": {
            "checkin": "2022-01-31",
            "checkout": "2022-01-31"
        },
        "additionalneeds": "Breakfast, Lunch and Diner"
    }
}
The BookingID is :83581
]]></system-out>
  </testcase>
  <testcase name="userShouldBeAbleTogetBooking" classname="tests.BookingTestEndToEndTest" time="0.411">
    <system-out><![CDATA[STARTING TEST: userShouldBeAbleTogetBooking
null
userShouldBeAbleTogetBooking
Request method:	GET
Request URI:	https://restful-booker.herokuapp.com/booking/83581
Proxy:			<none>
Request params:	<none>
Query params:	<none>
Form params:	<none>
Path params:	id=83581
Headers:		Accept=*/*
				Content-Type=application/json
Cookies:		<none>
Multiparts:		<none>
Body:			<none>
HTTP/1.1 200 OK
Server: Cowboy
Connection: keep-alive
X-Powered-By: Express
Content-Type: application/json; charset=utf-8
Content-Length: 188
Etag: W/"bc-BfRMLaCAXnbgXorAxeYD3fCU0JA"
Date: Thu, 08 Dec 2022 03:33:06 GMT
Via: 1.1 vegur

{
    "firstname": "Steve",
    "lastname": "McGraw",
    "totalprice": 150,
    "depositpaid": true,
    "bookingdates": {
        "checkin": "2022-01-31",
        "checkout": "2022-01-31"
    },
    "additionalneeds": "Breakfast, Lunch and Diner"
}
]]></system-out>
  </testcase>
  <testcase name="userShouldBeAbleToUpdateBooking" classname="tests.BookingTestEndToEndTest" time="0.648">
    <system-out><![CDATA[STARTING TEST: userShouldBeAbleToUpdateBooking
null
userShouldBeAbleToUpdateBooking
Request method:	PUT
Request URI:	https://restful-booker.herokuapp.com/booking/83581
Proxy:			<none>
Request params:	<none>
Query params:	<none>
Form params:	<none>
Path params:	id=83581
Headers:		Authorization=Basic YWRtaW46cGFzc3dvcmQxMjM=
				Accept=*/*
				Content-Type=application/json
Cookies:		<none>
Multiparts:		<none>
Body:
{
    "firstname": "Sylvester",
    "lastname": "Stallone",
    "totalprice": 190,
    "depositpaid": false,
    "bookingdates": {
        "checkin": "2022-02-28",
        "checkout": "2022-03-31"
    },
    "additionalneeds": "Breakfast and Diner"
}
HTTP/1.1 200 OK
Server: Cowboy
Connection: keep-alive
X-Powered-By: Express
Content-Type: application/json; charset=utf-8
Content-Length: 188
Etag: W/"bc-mXJlT9YqocvYEPB/avNBF2nb5f0"
Date: Thu, 08 Dec 2022 03:33:07 GMT
Via: 1.1 vegur

{
    "firstname": "Sylvester",
    "lastname": "Stallone",
    "totalprice": 190,
    "depositpaid": false,
    "bookingdates": {
        "checkin": "2022-02-28",
        "checkout": "2022-03-31"
    },
    "additionalneeds": "Breakfast and Diner"
}
]]></system-out>
  </testcase>
  <testcase name="userShoudBeAbleToUpdatePartialBooking" classname="tests.BookingTestEndToEndTest" time="0.496">
    <system-out><![CDATA[STARTING TEST: userShoudBeAbleToUpdatePartialBooking
null
userShoudBeAbleToUpdatePartialBooking
Request method:	PATCH
Request URI:	https://restful-booker.herokuapp.com/booking/83581
Proxy:			<none>
Request params:	<none>
Query params:	<none>
Form params:	<none>
Path params:	id=83581
Headers:		Authorization=Basic YWRtaW46cGFzc3dvcmQxMjM=
				Accept=*/*
				Content-Type=application/json
Cookies:		<none>
Multiparts:		<none>
Body:
{
    "firstname": "Sharone",
    "lastname": "Stone",
    "totalprice": 190,
    "depositpaid": false,
    "bookingdates": {
        "checkin": "2022-02-28",
        "checkout": "2022-03-31"
    },
    "additionalneeds": "Breakfast and Diner"
}
HTTP/1.1 200 OK
Server: Cowboy
Connection: keep-alive
X-Powered-By: Express
Content-Type: application/json; charset=utf-8
Content-Length: 183
Etag: W/"b7-/8H5QSZXd8V6nmpruFs3aMzLpc4"
Date: Thu, 08 Dec 2022 03:33:07 GMT
Via: 1.1 vegur

{
    "firstname": "Sharone",
    "lastname": "Stone",
    "totalprice": 190,
    "depositpaid": false,
    "bookingdates": {
        "checkin": "2022-02-28",
        "checkout": "2022-03-31"
    },
    "additionalneeds": "Breakfast and Diner"
}
]]></system-out>
  </testcase>
  <testcase name="userShouldBeAbleToDeleteBooking" classname="tests.BookingTestEndToEndTest" time="1.106">
    <system-out><![CDATA[STARTING TEST: userShouldBeAbleToDeleteBooking
null
userShouldBeAbleToDeleteBooking
Request method:	DELETE
Request URI:	https://restful-booker.herokuapp.com/booking/83581
Proxy:			<none>
Request params:	<none>
Query params:	<none>
Form params:	<none>
Path params:	id=83581
Headers:		Authorization=Basic YWRtaW46cGFzc3dvcmQxMjM=
				Accept=*/*
				Content-Type=application/json
Cookies:		<none>
Multiparts:		<none>
Body:			<none>
HTTP/1.1 201 Created
Server: Cowboy
Connection: keep-alive
X-Powered-By: Express
Content-Type: text/plain; charset=utf-8
Content-Length: 7
Etag: W/"7-rM9AyJuqT6iOan/xHh+AW+7K/T8"
Date: Thu, 08 Dec 2022 03:33:08 GMT
Via: 1.1 vegur

Created
]]></system-out>
  </testcase>
</testsuite>