<?xml version="1.0" encoding="UTF-8"?>
<!-- Generated by org.testng.reporters.JUnitXMLReporter -->
<testsuite hostname="SQLBILAB" ignored="0" name="Surefire test" tests="6" failures="0" timestamp="2022-02-25T11:14:48 CST" time="6.83" errors="0">
  <testcase name="createToken" time="4.735" classname="com.booking.api.test.BookingTest"/>
  <testcase name="createBooking" time="0.338" classname="com.booking.api.test.BookingTest"/>
  <testcase name="getBooking" time="0.43" classname="com.booking.api.test.BookingTest"/>
  <testcase name="updateBooking" time="0.662" classname="com.booking.api.test.BookingTest"/>
  <testcase name="updatePartialBooking" time="0.306" classname="com.booking.api.test.BookingTest"/>
  <testcase name="deleteBooking" time="0.288" classname="com.booking.api.test.BookingTest"/>
</testsuite> <!-- Surefire test -->
